{"/Users/endysantoso/Desktop/TemuTamu/back-end/handler.js": {"path":"/Users/endysantoso/Desktop/TemuTamu/back-end/handler.js","statementMap":{"0":{"start":{"line":3,"column":19},"end":{"line":3,"column":47}},"1":{"start":{"line":5,"column":0},"end":{"line":17,"column":2}},"2":{"start":{"line":6,"column":15},"end":{"line":6,"column":31}},"3":{"start":{"line":8,"column":19},"end":{"line":14,"column":3}},"4":{"start":{"line":16,"column":2},"end":{"line":16,"column":27}}},"fnMap":{"0":{"name":"(anonymous_0)","decl":{"start":{"line":5,"column":28},"end":{"line":5,"column":29}},"loc":{"start":{"line":5,"column":58},"end":{"line":17,"column":1}},"line":5}},"branchMap":{},"s":{"0":1,"1":1,"2":1,"3":1,"4":1},"f":{"0":1},"b":{},"_coverageSchema":"332fd63041d2c1bcb487cc26dd0d5f7d97098a6c","hash":"cc49486dd3a7e0a501267ed0a324c6ebf66ce1aa"}
,"/Users/endysantoso/Desktop/TemuTamu/back-end/lib/hello-world.js": {"path":"/Users/endysantoso/Desktop/TemuTamu/back-end/lib/hello-world.js","statementMap":{"0":{"start":{"line":5,"column":4},"end":{"line":8,"column":6}},"1":{"start":{"line":12,"column":0},"end":{"line":12,"column":28}}},"fnMap":{"0":{"name":"(anonymous_0)","decl":{"start":{"line":4,"column":2},"end":{"line":4,"column":3}},"loc":{"start":{"line":4,"column":18},"end":{"line":9,"column":3}},"line":4}},"branchMap":{},"s":{"0":2,"1":1},"f":{"0":2},"b":{},"_coverageSchema":"332fd63041d2c1bcb487cc26dd0d5f7d97098a6c","hash":"eb24b586790813ce132c12d99a15f32e8c8637f0"}
}
